#
# There is insufficient memory for the Java Runtime Environment to continue.
# Native memory allocation (malloc) failed to allocate 38256 bytes for Chunk::new
# Possible reasons:
#   The system is out of physical RAM or swap space
#   In 32 bit mode, the process size limit was hit
# Possible solutions:
#   Reduce memory load on the system
#   Increase physical memory or swap space
#   Check if swap backing store is full
#   Use 64 bit Java on a 64 bit OS
#   Decrease Java heap size (-Xmx/-Xms)
#   Decrease number of Java threads
#   Decrease Java thread stack sizes (-Xss)
#   Set larger code cache with -XX:ReservedCodeCacheSize=
# This output file may be truncated or incomplete.
#
#  Out of Memory Error (allocation.cpp:390), pid=27488, tid=0x0000000000003904
#
# JRE version: Java(TM) SE Runtime Environment (8.0_161-b12) (build 1.8.0_161-b12)
# Java VM: Java HotSpot(TM) 64-Bit Server VM (25.161-b12 mixed mode windows-amd64 compressed oops)
# Failed to write core dump. Minidumps are not enabled by default on client versions of Windows
#

---------------  T H R E A D  ---------------

Current thread (0x0000000020b52800):  JavaThread "C2 CompilerThread2" daemon [_thread_in_native, id=14596, stack(0x0000000021510000,0x0000000021610000)]

Stack: [0x0000000021510000,0x0000000021610000]
[error occurred during error reporting (printing stack bounds), id 0xc0000005]

Native frames: (J=compiled Java code, j=interpreted, Vv=VM code, C=native code)


Current CompileTask:
C2:   2202 2316       4       org.codehaus.plexus.util.xml.pull.MXParser::nextImpl (1202 bytes)


---------------  P R O C E S S  ---------------

Java Threads: ( => current thread )
  0x0000000020bf3800 JavaThread "Service Thread" daemon [_thread_blocked, id=21744, stack(0x0000000021710000,0x0000000021810000)]
  0x0000000020b57000 JavaThread "C1 CompilerThread3" daemon [_thread_blocked, id=26996, stack(0x0000000021610000,0x0000000021710000)]
=>0x0000000020b52800 JavaThread "C2 CompilerThread2" daemon [_thread_in_native, id=14596, stack(0x0000000021510000,0x0000000021610000)]
  0x0000000020b52000 JavaThread "C2 CompilerThread1" daemon [_thread_in_native, id=21016, stack(0x0000000021410000,0x0000000021510000)]
  0x0000000020b50000 JavaThread "C2 CompilerThread0" daemon [_thread_in_native, id=6004, stack(0x0000000021310000,0x0000000021410000)]
  0x0000000020b49000 JavaThread "Attach Listener" daemon [_thread_blocked, id=3608, stack(0x0000000021210000,0x0000000021310000)]
  0x0000000020b48000 JavaThread "Signal Dispatcher" daemon [_thread_blocked, id=28640, stack(0x0000000021110000,0x0000000021210000)]
  0x0000000020b40800 JavaThread "Finalizer" daemon [_thread_blocked, id=16828, stack(0x0000000020f20000,0x0000000021020000)]
  0x00000000052a9000 JavaThread "Reference Handler" daemon [_thread_blocked, id=17496, stack(0x0000000020a20000,0x0000000020b20000)]
  0x00000000051b2800 JavaThread "main" [_thread_in_native, id=16644, stack(0x00000000050b0000,0x00000000051b0000)]

Other Threads:
  0x000000001ec49800 VMThread [stack: 0x0000000020920000,0x0000000020a20000] [id=2036]
  0x0000000020bfe800 WatcherThread [stack: 0x0000000021810000,0x0000000021910000] [id=21656]

VM state:not at safepoint (normal execution)

VM Mutex/Monitor currently owned by a thread: None

Heap:
 PSYoungGen      total 75776K, used 66881K [0x000000076b800000, 0x0000000770c80000, 0x00000007c0000000)
  eden space 65024K, 87% used [0x000000076b800000,0x000000076ef64600,0x000000076f780000)
  from space 10752K, 94% used [0x000000076f780000,0x000000077016c090,0x0000000770200000)
  to   space 10752K, 0% used [0x0000000770200000,0x0000000770200000,0x0000000770c80000)
 ParOldGen       total 173568K, used 16K [0x00000006c2800000, 0x00000006cd180000, 0x000000076b800000)
  object space 173568K, 0% used [0x00000006c2800000,0x00000006c2804000,0x00000006cd180000)
 Metaspace       used 16323K, capacity 16594K, committed 16768K, reserved 1064960K
  class space    used 2024K, capacity 2147K, committed 2176K, reserved 1048576K

Card table byte_map: [0x0000000014670000,0x0000000014e60000] byte_map_base: 0x000000001105c000

Marking Bits: (ParMarkBitMap*) 0x000000006b19f860
 Begin Bits: [0x0000000015bb0000, 0x0000000019b10000)
 End Bits:   [0x0000000019b10000, 0x000000001da70000)

Polling page: 0x0000000002b60000

CodeCache: size=245760Kb used=7888Kb max_used=7899Kb free=237872Kb
 bounds [0x00000000052b0000, 0x0000000005a70000, 0x00000000142b0000]
 total_blobs=2692 nmethods=2332 adapters=272
 compilation: enabled

Compilation events (10 events):
Event: 2.189 Thread 0x0000000020b57000 nmethod 2319 0x0000000005a57b10 code [0x0000000005a57dc0, 0x0000000005a590a8]
Event: 2.190 Thread 0x0000000020b57000 2324       1       org.eclipse.sisu.inject.LazyBeanEntry::getKey (5 bytes)
Event: 2.191 Thread 0x0000000020b57000 nmethod 2324 0x0000000005a598d0 code [0x0000000005a59a20, 0x0000000005a59b30]
Event: 2.191 Thread 0x0000000020b57000 2325       1       org.eclipse.sisu.inject.LazyBeanEntry$JsrNamed::value (5 bytes)
Event: 2.191 Thread 0x0000000020b57000 nmethod 2325 0x0000000005a59b90 code [0x0000000005a59ce0, 0x0000000005a59df0]
Event: 2.193 Thread 0x0000000020b57000 2326       3       java.io.BufferedReader::fill (170 bytes)
Event: 2.193 Thread 0x0000000020b57000 nmethod 2326 0x0000000005a59e50 code [0x0000000005a5a000, 0x0000000005a5a688]
Event: 2.194 Thread 0x0000000020b57000 2327       3       org.codehaus.plexus.util.xml.pull.MXParser::fillBuf (667 bytes)
Event: 2.196 Thread 0x0000000020b57000 nmethod 2327 0x0000000005a5a850 code [0x0000000005a5adc0, 0x0000000005a5e518]
Event: 2.196 Thread 0x0000000020b57000 2328       3       org.codehaus.plexus.util.xml.pull.MXParser::parseEntityRef (908 bytes)

GC Heap History (2 events):
Event: 1.077 GC heap before
{Heap before GC invocations=1 (full 0):
 PSYoungGen      total 75776K, used 65024K [0x000000076b800000, 0x0000000770c80000, 0x00000007c0000000)
  eden space 65024K, 100% used [0x000000076b800000,0x000000076f780000,0x000000076f780000)
  from space 10752K, 0% used [0x0000000770200000,0x0000000770200000,0x0000000770c80000)
  to   space 10752K, 0% used [0x000000076f780000,0x000000076f780000,0x0000000770200000)
 ParOldGen       total 173568K, used 0K [0x00000006c2800000, 0x00000006cd180000, 0x000000076b800000)
  object space 173568K, 0% used [0x00000006c2800000,0x00000006c2800000,0x00000006cd180000)
 Metaspace       used 11654K, capacity 11848K, committed 12160K, reserved 1060864K
  class space    used 1457K, capacity 1540K, committed 1664K, reserved 1048576K
Event: 1.084 GC heap after
Heap after GC invocations=1 (full 0):
 PSYoungGen      total 75776K, used 10160K [0x000000076b800000, 0x0000000770c80000, 0x00000007c0000000)
  eden space 65024K, 0% used [0x000000076b800000,0x000000076b800000,0x000000076f780000)
  from space 10752K, 94% used [0x000000076f780000,0x000000077016c090,0x0000000770200000)
  to   space 10752K, 0% used [0x0000000770200000,0x0000000770200000,0x0000000770c80000)
 ParOldGen       total 173568K, used 16K [0x00000006c2800000, 0x00000006cd180000, 0x000000076b800000)
  object space 173568K, 0% used [0x00000006c2800000,0x00000006c2804000,0x00000006cd180000)
 Metaspace       used 11654K, capacity 11848K, committed 12160K, reserved 1060864K
  class space    used 1457K, capacity 1540K, committed 1664K, reserved 1048576K
}

Deoptimization events (10 events):
Event: 2.125 Thread 0x00000000051b2800 Uncommon trap: reason=bimorphic action=maybe_recompile pc=0x00000000059b7988 method=java.util.regex.Pattern$BmpCharProperty.match(Ljava/util/regex/Matcher;ILjava/lang/CharSequence;)Z @ 16
Event: 2.125 Thread 0x00000000051b2800 Uncommon trap: reason=bimorphic action=maybe_recompile pc=0x00000000059b7988 method=java.util.regex.Pattern$BmpCharProperty.match(Ljava/util/regex/Matcher;ILjava/lang/CharSequence;)Z @ 16
Event: 2.125 Thread 0x00000000051b2800 Uncommon trap: reason=bimorphic action=maybe_recompile pc=0x0000000005803dc0 method=java.util.regex.Pattern$CharProperty.match(Ljava/util/regex/Matcher;ILjava/lang/CharSequence;)Z @ 37
Event: 2.164 Thread 0x00000000051b2800 Uncommon trap: reason=bimorphic action=maybe_recompile pc=0x00000000059b7988 method=java.util.regex.Pattern$BmpCharProperty.match(Ljava/util/regex/Matcher;ILjava/lang/CharSequence;)Z @ 16
Event: 2.164 Thread 0x00000000051b2800 Uncommon trap: reason=bimorphic action=maybe_recompile pc=0x00000000059b7988 method=java.util.regex.Pattern$BmpCharProperty.match(Ljava/util/regex/Matcher;ILjava/lang/CharSequence;)Z @ 16
Event: 2.164 Thread 0x00000000051b2800 Uncommon trap: reason=bimorphic action=maybe_recompile pc=0x0000000005803dc0 method=java.util.regex.Pattern$CharProperty.match(Ljava/util/regex/Matcher;ILjava/lang/CharSequence;)Z @ 37
Event: 2.167 Thread 0x00000000051b2800 Uncommon trap: reason=bimorphic action=maybe_recompile pc=0x0000000005803dc0 method=java.util.regex.Pattern$CharProperty.match(Ljava/util/regex/Matcher;ILjava/lang/CharSequence;)Z @ 37
Event: 2.168 Thread 0x00000000051b2800 Uncommon trap: reason=bimorphic action=maybe_recompile pc=0x0000000005803dc0 method=java.util.regex.Pattern$CharProperty.match(Ljava/util/regex/Matcher;ILjava/lang/CharSequence;)Z @ 37
Event: 2.179 Thread 0x00000000051b2800 Uncommon trap: reason=unstable_if action=reinterpret pc=0x000000000591afec method=org.codehaus.plexus.util.xml.pull.MXParser.nextImpl()I @ 924
Event: 2.188 Thread 0x00000000051b2800 Uncommon trap: reason=unstable_if action=reinterpret pc=0x00000000059bb474 method=org.apache.maven.model.interpolation.StringSearchModelInterpolator$InterpolateObjectAction$MapField.doInterpolate(Ljava/lang/Object;Lorg/apache/maven/model/interpolation/Str

Classes redefined (0 events):
No events

Internal exceptions (10 events):
Event: 1.238 Thread 0x00000000051b2800 Exception <a 'java/lang/NoClassDefFoundError'> (0x000000076c0ceaf0) thrown at [C:\re\workspace\8-2-build-windows-amd64-cygwin\jdk8u161\10277\hotspot\src\share\vm\prims\jvm.cpp, line 1394]
Event: 1.238 Thread 0x00000000051b2800 Exception <a 'java/lang/NoClassDefFoundError': javax/annotation/Priority> (0x000000076c0d3968) thrown at [C:\re\workspace\8-2-build-windows-amd64-cygwin\jdk8u161\10277\hotspot\src\share\vm\classfile\systemDictionary.cpp, line 199]
Event: 1.380 Thread 0x00000000051b2800 Exception <a 'java/lang/NullPointerException'> (0x000000076c799b68) thrown at [C:\re\workspace\8-2-build-windows-amd64-cygwin\jdk8u161\10277\hotspot\src\share\vm\interpreter\linkResolver.cpp, line 1185]
Event: 1.380 Thread 0x00000000051b2800 Exception <a 'java/lang/NullPointerException'> (0x000000076c799d80) thrown at [C:\re\workspace\8-2-build-windows-amd64-cygwin\jdk8u161\10277\hotspot\src\share\vm\interpreter\linkResolver.cpp, line 1185]
Event: 1.380 Thread 0x00000000051b2800 Exception <a 'java/lang/NullPointerException'> (0x000000076c799f98) thrown at [C:\re\workspace\8-2-build-windows-amd64-cygwin\jdk8u161\10277\hotspot\src\share\vm\interpreter\linkResolver.cpp, line 1185]
Event: 1.381 Thread 0x00000000051b2800 Exception <a 'java/lang/NullPointerException'> (0x000000076c7b0fc8) thrown at [C:\re\workspace\8-2-build-windows-amd64-cygwin\jdk8u161\10277\hotspot\src\share\vm\interpreter\linkResolver.cpp, line 1185]
Event: 1.381 Thread 0x00000000051b2800 Exception <a 'java/lang/NullPointerException'> (0x000000076c7b11e0) thrown at [C:\re\workspace\8-2-build-windows-amd64-cygwin\jdk8u161\10277\hotspot\src\share\vm\interpreter\linkResolver.cpp, line 1185]
Event: 1.381 Thread 0x00000000051b2800 Exception <a 'java/lang/NullPointerException'> (0x000000076c7b13f8) thrown at [C:\re\workspace\8-2-build-windows-amd64-cygwin\jdk8u161\10277\hotspot\src\share\vm\interpreter\linkResolver.cpp, line 1185]
Event: 1.584 Thread 0x00000000051b2800 Implicit null exception at 0x0000000005850f03 to 0x000000000585114d
Event: 2.097 Thread 0x00000000051b2800 Exception <a 'java/lang/NoClassDefFoundError': com/sun/mirror/apt/AnnotationProcessorFactory> (0x000000076e7b5658) thrown at [C:\re\workspace\8-2-build-windows-amd64-cygwin\jdk8u161\10277\hotspot\src\share\vm\classfile\systemDictionary.cpp, line 199]

Events (10 events):
Event: 2.171 loading class org/apache/maven/artifact/repository/metadata/io/xpp3/MetadataXpp3Reader$1
Event: 2.171 loading class org/apache/maven/artifact/repository/metadata/io/xpp3/MetadataXpp3Reader$1 done
Event: 2.173 loading class org/apache/maven/plugin/DefaultPluginDescriptorCache$CacheKey
Event: 2.173 loading class org/apache/maven/plugin/DefaultPluginDescriptorCache$CacheKey done
Event: 2.179 Thread 0x00000000051b2800 Uncommon trap: trap_request=0xffffff65 fr.pc=0x000000000591afec
Event: 2.179 Thread 0x00000000051b2800 DEOPT PACKING pc=0x000000000591afec sp=0x00000000051acb60
Event: 2.179 Thread 0x00000000051b2800 DEOPT UNPACKING pc=0x00000000052f583b sp=0x00000000051acad0 mode 2
Event: 2.188 Thread 0x00000000051b2800 Uncommon trap: trap_request=0xffffff65 fr.pc=0x00000000059bb474
Event: 2.188 Thread 0x00000000051b2800 DEOPT PACKING pc=0x00000000059bb474 sp=0x00000000051ac500
Event: 2.188 Thread 0x00000000051b2800 DEOPT UNPACKING pc=0x00000000052f583b sp=0x00000000051ac490 mode 2


Dynamic libraries:
0x00007ff632510000 - 0x00007ff632547000 	C:\Program Files\Java\jdk1.8.0_161\bin\java.exe
0x00007ffa4fd70000 - 0x00007ffa4ff50000 	C:\windows\SYSTEM32\ntdll.dll
0x00007ffa4d600000 - 0x00007ffa4d6ae000 	C:\windows\System32\KERNEL32.DLL
0x00007ffa4c2e0000 - 0x00007ffa4c546000 	C:\windows\System32\KERNELBASE.dll
0x00007ffa4ee20000 - 0x00007ffa4eec1000 	C:\windows\System32\ADVAPI32.dll
0x00007ffa4d390000 - 0x00007ffa4d42d000 	C:\windows\System32\msvcrt.dll
0x00007ffa4d430000 - 0x00007ffa4d48b000 	C:\windows\System32\sechost.dll
0x00007ffa4d8c0000 - 0x00007ffa4d9df000 	C:\windows\System32\RPCRT4.dll
0x00007ffa4f910000 - 0x00007ffa4fa9f000 	C:\windows\System32\USER32.dll
0x00007ffa4d050000 - 0x00007ffa4d070000 	C:\windows\System32\win32u.dll
0x00007ffa4d490000 - 0x00007ffa4d4b8000 	C:\windows\System32\GDI32.dll
0x00007ffa4c550000 - 0x00007ffa4c6e3000 	C:\windows\System32\gdi32full.dll
0x00007ffa4c240000 - 0x00007ffa4c2db000 	C:\windows\System32\msvcp_win.dll
0x00007ffa4c6f0000 - 0x00007ffa4c7e4000 	C:\windows\System32\ucrtbase.dll
0x00007ffa39790000 - 0x00007ffa399f9000 	C:\windows\WinSxS\amd64_microsoft.windows.common-controls_6595b64144ccf1df_6.0.16299.1448_none_0f8c5c365a693f40\COMCTL32.dll
0x00007ffa4f600000 - 0x00007ffa4f906000 	C:\windows\System32\combase.dll
0x00007ffa4c170000 - 0x00007ffa4c1e8000 	C:\windows\System32\bcryptPrimitives.dll
0x00007ffa4eed0000 - 0x00007ffa4eefd000 	C:\windows\System32\IMM32.DLL
0x00007ffa4b0a0000 - 0x00007ffa4b213000 	C:\Program Files\Avecto\Privilege Guard Client\PGHook.dll
0x00007ffa4bb10000 - 0x00007ffa4bb27000 	C:\windows\SYSTEM32\CRYPTSP.dll
0x00007ffa4b510000 - 0x00007ffa4b543000 	C:\windows\system32\rsaenh.dll
0x00007ffa4bc20000 - 0x00007ffa4bc45000 	C:\windows\SYSTEM32\bcrypt.dll
0x00007ffa4bb30000 - 0x00007ffa4bb3b000 	C:\windows\SYSTEM32\CRYPTBASE.dll
0x00007ffa4d9e0000 - 0x00007ffa4ee1d000 	C:\windows\System32\shell32.dll
0x00007ffa4c1f0000 - 0x00007ffa4c23a000 	C:\windows\System32\cfgmgr32.dll
0x00007ffa4f4d0000 - 0x00007ffa4f576000 	C:\windows\System32\shcore.dll
0x00007ffa4c850000 - 0x00007ffa4cf9a000 	C:\windows\System32\windows.storage.dll
0x00007ffa4fb70000 - 0x00007ffa4fbc1000 	C:\windows\System32\shlwapi.dll
0x00007ffa4c0c0000 - 0x00007ffa4c0d1000 	C:\windows\System32\kernel.appcore.dll
0x00007ffa4c100000 - 0x00007ffa4c14c000 	C:\windows\System32\powrprof.dll
0x00007ffa4c0e0000 - 0x00007ffa4c0fb000 	C:\windows\System32\profapi.dll
0x00007ffa2a520000 - 0x00007ffa2a5d1000 	C:\Program Files\McAfee\Endpoint Security\Threat Prevention\Ips\EpMPApi.dll
0x00007ffa4c7f0000 - 0x00007ffa4c849000 	C:\windows\System32\WINTRUST.dll
0x00007ffa4c150000 - 0x00007ffa4c162000 	C:\windows\System32\MSASN1.dll
0x00007ffa4d070000 - 0x00007ffa4d23e000 	C:\windows\System32\CRYPT32.dll
0x000000006cac0000 - 0x000000006cacc000 	C:\Program Files\McAfee\Endpoint Security\Threat Prevention\Ips\EpMPThe.dll
0x00007ffa23640000 - 0x00007ffa23676000 	C:\Program Files\McAfee\Endpoint Security\Threat Prevention\Ips\HIPHandlers64.dll
0x000000006c960000 - 0x000000006ca32000 	C:\Program Files\Java\jdk1.8.0_161\jre\bin\msvcr100.dll
0x000000006a980000 - 0x000000006b21f000 	C:\Program Files\Java\jdk1.8.0_161\jre\bin\server\jvm.dll
0x00007ffa4d6b0000 - 0x00007ffa4d6b8000 	C:\windows\System32\PSAPI.DLL
0x00007ffa3cf10000 - 0x00007ffa3cf33000 	C:\windows\SYSTEM32\WINMM.dll
0x00007ffa3cca0000 - 0x00007ffa3cca9000 	C:\windows\SYSTEM32\WSOCK32.dll
0x00007ffa3f4a0000 - 0x00007ffa3f4aa000 	C:\windows\SYSTEM32\VERSION.dll
0x00007ffa4d4c0000 - 0x00007ffa4d52c000 	C:\windows\System32\WS2_32.dll
0x00007ffa3c400000 - 0x00007ffa3c42a000 	C:\windows\SYSTEM32\winmmbase.dll
0x000000006d790000 - 0x000000006d79f000 	C:\Program Files\Java\jdk1.8.0_161\jre\bin\verify.dll
0x000000006d760000 - 0x000000006d789000 	C:\Program Files\Java\jdk1.8.0_161\jre\bin\java.dll
0x000000006d740000 - 0x000000006d756000 	C:\Program Files\Java\jdk1.8.0_161\jre\bin\zip.dll
0x00007ffa45230000 - 0x00007ffa4523a000 	C:\MuleSoft\apache-maven-3.5.3\lib\jansi-native\windows64\jansi.dll
0x000000006d720000 - 0x000000006d73a000 	C:\Program Files\Java\jdk1.8.0_161\jre\bin\net.dll
0x00007ffa4b950000 - 0x00007ffa4b9b6000 	C:\windows\system32\mswsock.dll
0x000000006d700000 - 0x000000006d711000 	C:\Program Files\Java\jdk1.8.0_161\jre\bin\nio.dll

VM Arguments:
jvm_args: -Dclassworlds.conf=C:\MuleSoft\apache-maven-3.5.3\bin\..\bin\m2.conf -Dmaven.home=C:\MuleSoft\apache-maven-3.5.3\bin\.. -Dlibrary.jansi.path=C:\MuleSoft\apache-maven-3.5.3\bin\..\lib\jansi-native -Dmaven.multiModuleProjectDirectory=C:\Users\michael.archer\AnypointStudio\workspace_dv_training\maven-project 
java_command: org.codehaus.plexus.classworlds.launcher.Launcher -B clean package
java_class_path (initial): C:\MuleSoft\apache-maven-3.5.3\bin\..\boot\plexus-classworlds-2.5.2.jar
Launcher Type: SUN_STANDARD

Environment Variables:
JAVA_HOME=C:\Program Files\Java\jdk1.8.0_161
PATH=C:/Program Files/Java/jre1.8.0_231/bin/server;C:/Program Files/Java/jre1.8.0_231/bin;C:/Program Files/Java/jre1.8.0_231/lib/amd64;C:\Program Files (x86)\Common Files\Oracle\Java\javapath;C:\ProgramData\Oracle\Java\javapath;C:\windows\system32;C:\windows;C:\windows\System32\Wbem;C:\windows\System32\WindowsPowerShell\v1.0\;C:\Program Files (x86)\IBM\Client Access\Emulator;C:\Program Files (x86)\IBM\Client Access\Shared;C:\Program Files (x86)\IBM\Client Access\;C:\Program Files (x86)\Webex\Webex\Applications;C:\Program Files (x86)\Plantronics\Spokes3G\;C:\Program Files (x86)\Java\jdk1.8.0_45\jre\bin\client;C:\Program Files\Git\cmd;C:\Program Files\TortoiseGit\bin;C:\Program Files\dotnet\;C:\Program Files\Microsoft SQL Server\130\Tools\Binn\;C:\Program Files\Microsoft SQL Server\Client SDK\ODBC\170\Tools\Binn\;"C:\Program Files\Java\jdk1.8.0_161\bin;";"C:\MuleSoft\apache-maven-3.5.3\bin;";C:\Users\michael.archer\AppData\Local\Microsoft\WindowsApps;C:\Program Files\Microsoft VS Code\bin;C:\Users\michael.archer\AppData\Local\GitHubDesktop\bin;C:\Program Files\Java\jdk1.8.0_161\bin;C:\MuleSoft\apache-maven-3.5.3\bin;;C:\MuleSoft\AnypointStudio;
USERNAME=Michael.Archer
OS=Windows_NT
PROCESSOR_IDENTIFIER=Intel64 Family 6 Model 142 Stepping 10, GenuineIntel



---------------  S Y S T E M  ---------------

OS: Windows 10.0 , 64 bit Build 16299 (10.0.16299.1146)

CPU:total 8 (initial active 8) (4 cores per cpu, 2 threads per core) family 6 model 142 stepping 10, cmov, cx8, fxsr, mmx, sse, sse2, sse3, ssse3, sse4.1, sse4.2, popcnt, avx, avx2, aes, clmul, erms, rtm, 3dnowpref, lzcnt, ht, tsc, tscinvbit, bmi1, bmi2, adx

Memory: 4k page, physical 16607680k(2929480k free), swap 16607680k(5124k free)

vm_info: Java HotSpot(TM) 64-Bit Server VM (25.161-b12) for windows-amd64 JRE (1.8.0_161-b12), built on Dec 19 2017 17:52:25 by "java_re" with MS VC++ 10.0 (VS2010)

time: Tue Oct 29 15:13:54 2019
elapsed time: 2 seconds (0d 0h 0m 2s)

