#
# There is insufficient memory for the Java Runtime Environment to continue.
# Native memory allocation (malloc) failed to allocate 1888784 bytes for Chunk::new
# Possible reasons:
#   The system is out of physical RAM or swap space
#   In 32 bit mode, the process size limit was hit
# Possible solutions:
#   Reduce memory load on the system
#   Increase physical memory or swap space
#   Check if swap backing store is full
#   Use 64 bit Java on a 64 bit OS
#   Decrease Java heap size (-Xmx/-Xms)
#   Decrease number of Java threads
#   Decrease Java thread stack sizes (-Xss)
#   Set larger code cache with -XX:ReservedCodeCacheSize=
# This output file may be truncated or incomplete.
#
#  Out of Memory Error (allocation.cpp:390), pid=3952, tid=0x0000000000000fa8
#
# JRE version: Java(TM) SE Runtime Environment (8.0_161-b12) (build 1.8.0_161-b12)
# Java VM: Java HotSpot(TM) 64-Bit Server VM (25.161-b12 mixed mode windows-amd64 compressed oops)
# Failed to write core dump. Minidumps are not enabled by default on client versions of Windows
#

---------------  T H R E A D  ---------------

Current thread (0x0000000020cc7800):  JavaThread "C2 CompilerThread2" daemon [_thread_in_native, id=4008, stack(0x0000000021680000,0x0000000021780000)]

Stack: [0x0000000021680000,0x0000000021780000]
[error occurred during error reporting (printing stack bounds), id 0xc0000005]

Native frames: (J=compiled Java code, j=interpreted, Vv=VM code, C=native code)


Current CompileTask:
C2:   4031 1576       4       java.net.URLClassLoader$1::run (5 bytes)


---------------  P R O C E S S  ---------------

Java Threads: ( => current thread )
  0x0000000020d64800 JavaThread "Service Thread" daemon [_thread_blocked, id=12852, stack(0x0000000021880000,0x0000000021980000)]
  0x0000000020ccc000 JavaThread "C1 CompilerThread3" daemon [_thread_blocked, id=10276, stack(0x0000000021780000,0x0000000021880000)]
=>0x0000000020cc7800 JavaThread "C2 CompilerThread2" daemon [_thread_in_native, id=4008, stack(0x0000000021680000,0x0000000021780000)]
  0x0000000020cc7000 JavaThread "C2 CompilerThread1" daemon [_thread_blocked, id=6148, stack(0x0000000021580000,0x0000000021680000)]
  0x0000000020cc5000 JavaThread "C2 CompilerThread0" daemon [_thread_blocked, id=19364, stack(0x0000000021480000,0x0000000021580000)]
  0x0000000020cc2000 JavaThread "Attach Listener" daemon [_thread_blocked, id=16568, stack(0x0000000021380000,0x0000000021480000)]
  0x0000000020cc1000 JavaThread "Signal Dispatcher" daemon [_thread_blocked, id=4376, stack(0x0000000021280000,0x0000000021380000)]
  0x0000000020cb0800 JavaThread "Finalizer" daemon [_thread_blocked, id=2964, stack(0x0000000021090000,0x0000000021190000)]
  0x000000001edbd800 JavaThread "Reference Handler" daemon [_thread_blocked, id=19440, stack(0x0000000020b90000,0x0000000020c90000)]
  0x0000000005322800 JavaThread "main" [_thread_in_native, id=28456, stack(0x0000000005220000,0x0000000005320000)]

Other Threads:
  0x000000001edb9000 VMThread [stack: 0x0000000020a90000,0x0000000020b90000] [id=27280]
  0x0000000020d77800 WatcherThread [stack: 0x0000000021980000,0x0000000021a80000] [id=1744]

VM state:not at safepoint (normal execution)

VM Mutex/Monitor currently owned by a thread: None

Heap:
 PSYoungGen      total 75776K, used 69398K [0x000000076b800000, 0x0000000770c80000, 0x00000007c0000000)
  eden space 65024K, 91% used [0x000000076b800000,0x000000076f1e57c0,0x000000076f780000)
  from space 10752K, 94% used [0x000000076f780000,0x0000000770160248,0x0000000770200000)
  to   space 10752K, 0% used [0x0000000770200000,0x0000000770200000,0x0000000770c80000)
 ParOldGen       total 173568K, used 16K [0x00000006c2800000, 0x00000006cd180000, 0x000000076b800000)
  object space 173568K, 0% used [0x00000006c2800000,0x00000006c2804000,0x00000006cd180000)
 Metaspace       used 16295K, capacity 16594K, committed 16768K, reserved 1064960K
  class space    used 2022K, capacity 2147K, committed 2176K, reserved 1048576K

Card table byte_map: [0x00000000147e0000,0x0000000014fd0000] byte_map_base: 0x00000000111cc000

Marking Bits: (ParMarkBitMap*) 0x000000006b19f860
 Begin Bits: [0x0000000015d20000, 0x0000000019c80000)
 End Bits:   [0x0000000019c80000, 0x000000001dbe0000)

Polling page: 0x0000000002d20000

CodeCache: size=245760Kb used=7915Kb max_used=7927Kb free=237844Kb
 bounds [0x0000000005420000, 0x0000000005bf0000, 0x0000000014420000]
 total_blobs=2716 nmethods=2356 adapters=272
 compilation: enabled

Compilation events (10 events):
Event: 4.012 Thread 0x0000000020ccc000 2352       1       java.util.Formatter$Flags::valueOf (5 bytes)
Event: 4.012 Thread 0x0000000020ccc000 nmethod 2352 0x0000000005bcfd10 code [0x0000000005bcfe60, 0x0000000005bcff70]
Event: 4.015 Thread 0x0000000020ccc000 2353       3       java.nio.channels.spi.AbstractInterruptibleChannel::blockedOn (13 bytes)
Event: 4.015 Thread 0x0000000020ccc000 nmethod 2353 0x0000000005bd3e50 code [0x0000000005bd3fe0, 0x0000000005bd44f0]
Event: 4.015 Thread 0x0000000020ccc000 2354       3       java.lang.System$2::blockedOn (6 bytes)
Event: 4.016 Thread 0x0000000020ccc000 nmethod 2354 0x0000000005bd7810 code [0x0000000005bd7980, 0x0000000005bd7d70]
Event: 4.016 Thread 0x0000000020ccc000 2355       3       java.io.FileInputStream::read (9 bytes)
Event: 4.016 Thread 0x0000000020ccc000 nmethod 2355 0x0000000005bd3a90 code [0x0000000005bd3c00, 0x0000000005bd3d88]
Event: 4.016 Thread 0x0000000020ccc000 2356       1       java.nio.channels.FileLock::acquiredBy (5 bytes)
Event: 4.016 Thread 0x0000000020ccc000 nmethod 2356 0x0000000005bd37d0 code [0x0000000005bd3920, 0x0000000005bd3a30]

GC Heap History (2 events):
Event: 1.951 GC heap before
{Heap before GC invocations=1 (full 0):
 PSYoungGen      total 75776K, used 65024K [0x000000076b800000, 0x0000000770c80000, 0x00000007c0000000)
  eden space 65024K, 100% used [0x000000076b800000,0x000000076f780000,0x000000076f780000)
  from space 10752K, 0% used [0x0000000770200000,0x0000000770200000,0x0000000770c80000)
  to   space 10752K, 0% used [0x000000076f780000,0x000000076f780000,0x0000000770200000)
 ParOldGen       total 173568K, used 0K [0x00000006c2800000, 0x00000006cd180000, 0x000000076b800000)
  object space 173568K, 0% used [0x00000006c2800000,0x00000006c2800000,0x00000006cd180000)
 Metaspace       used 11647K, capacity 11848K, committed 12160K, reserved 1060864K
  class space    used 1457K, capacity 1540K, committed 1664K, reserved 1048576K
Event: 1.964 GC heap after
Heap after GC invocations=1 (full 0):
 PSYoungGen      total 75776K, used 10112K [0x000000076b800000, 0x0000000770c80000, 0x00000007c0000000)
  eden space 65024K, 0% used [0x000000076b800000,0x000000076b800000,0x000000076f780000)
  from space 10752K, 94% used [0x000000076f780000,0x0000000770160248,0x0000000770200000)
  to   space 10752K, 0% used [0x0000000770200000,0x0000000770200000,0x0000000770c80000)
 ParOldGen       total 173568K, used 16K [0x00000006c2800000, 0x00000006cd180000, 0x000000076b800000)
  object space 173568K, 0% used [0x00000006c2800000,0x00000006c2804000,0x00000006cd180000)
 Metaspace       used 11647K, capacity 11848K, committed 12160K, reserved 1060864K
  class space    used 1457K, capacity 1540K, committed 1664K, reserved 1048576K
}

Deoptimization events (10 events):
Event: 3.873 Thread 0x0000000005322800 Uncommon trap: reason=bimorphic action=maybe_recompile pc=0x0000000005b01a48 method=java.util.regex.Pattern$BmpCharProperty.match(Ljava/util/regex/Matcher;ILjava/lang/CharSequence;)Z @ 16
Event: 3.873 Thread 0x0000000005322800 Uncommon trap: reason=bimorphic action=maybe_recompile pc=0x0000000005b01a48 method=java.util.regex.Pattern$BmpCharProperty.match(Ljava/util/regex/Matcher;ILjava/lang/CharSequence;)Z @ 16
Event: 3.873 Thread 0x0000000005322800 Uncommon trap: reason=bimorphic action=maybe_recompile pc=0x000000000599a380 method=java.util.regex.Pattern$CharProperty.match(Ljava/util/regex/Matcher;ILjava/lang/CharSequence;)Z @ 37
Event: 3.923 Thread 0x0000000005322800 Uncommon trap: reason=bimorphic action=maybe_recompile pc=0x0000000005b01a48 method=java.util.regex.Pattern$BmpCharProperty.match(Ljava/util/regex/Matcher;ILjava/lang/CharSequence;)Z @ 16
Event: 3.923 Thread 0x0000000005322800 Uncommon trap: reason=bimorphic action=maybe_recompile pc=0x0000000005b01a48 method=java.util.regex.Pattern$BmpCharProperty.match(Ljava/util/regex/Matcher;ILjava/lang/CharSequence;)Z @ 16
Event: 3.923 Thread 0x0000000005322800 Uncommon trap: reason=bimorphic action=maybe_recompile pc=0x000000000599a380 method=java.util.regex.Pattern$CharProperty.match(Ljava/util/regex/Matcher;ILjava/lang/CharSequence;)Z @ 37
Event: 3.928 Thread 0x0000000005322800 Uncommon trap: reason=bimorphic action=maybe_recompile pc=0x000000000599a380 method=java.util.regex.Pattern$CharProperty.match(Ljava/util/regex/Matcher;ILjava/lang/CharSequence;)Z @ 37
Event: 3.930 Thread 0x0000000005322800 Uncommon trap: reason=bimorphic action=maybe_recompile pc=0x000000000599a380 method=java.util.regex.Pattern$CharProperty.match(Ljava/util/regex/Matcher;ILjava/lang/CharSequence;)Z @ 37
Event: 3.947 Thread 0x0000000005322800 Uncommon trap: reason=unstable_if action=reinterpret pc=0x0000000005ab9154 method=org.codehaus.plexus.util.xml.pull.MXParser.nextImpl()I @ 924
Event: 3.961 Thread 0x0000000005322800 Uncommon trap: reason=unstable_if action=reinterpret pc=0x0000000005b3b94c method=org.apache.maven.model.interpolation.StringSearchModelInterpolator$InterpolateObjectAction$MapField.doInterpolate(Ljava/lang/Object;Lorg/apache/maven/model/interpolation/Str

Classes redefined (0 events):
No events

Internal exceptions (10 events):
Event: 2.262 Thread 0x0000000005322800 Exception <a 'java/lang/NoClassDefFoundError'> (0x000000076c0c8680) thrown at [C:\re\workspace\8-2-build-windows-amd64-cygwin\jdk8u161\10277\hotspot\src\share\vm\prims\jvm.cpp, line 1394]
Event: 2.262 Thread 0x0000000005322800 Exception <a 'java/lang/NoClassDefFoundError': javax/annotation/Priority> (0x000000076c0cd4f8) thrown at [C:\re\workspace\8-2-build-windows-amd64-cygwin\jdk8u161\10277\hotspot\src\share\vm\classfile\systemDictionary.cpp, line 199]
Event: 2.595 Thread 0x0000000005322800 Exception <a 'java/lang/NullPointerException'> (0x000000076c7925f8) thrown at [C:\re\workspace\8-2-build-windows-amd64-cygwin\jdk8u161\10277\hotspot\src\share\vm\interpreter\linkResolver.cpp, line 1185]
Event: 2.595 Thread 0x0000000005322800 Exception <a 'java/lang/NullPointerException'> (0x000000076c792810) thrown at [C:\re\workspace\8-2-build-windows-amd64-cygwin\jdk8u161\10277\hotspot\src\share\vm\interpreter\linkResolver.cpp, line 1185]
Event: 2.595 Thread 0x0000000005322800 Exception <a 'java/lang/NullPointerException'> (0x000000076c792a28) thrown at [C:\re\workspace\8-2-build-windows-amd64-cygwin\jdk8u161\10277\hotspot\src\share\vm\interpreter\linkResolver.cpp, line 1185]
Event: 2.598 Thread 0x0000000005322800 Exception <a 'java/lang/NullPointerException'> (0x000000076c7a9a58) thrown at [C:\re\workspace\8-2-build-windows-amd64-cygwin\jdk8u161\10277\hotspot\src\share\vm\interpreter\linkResolver.cpp, line 1185]
Event: 2.598 Thread 0x0000000005322800 Exception <a 'java/lang/NullPointerException'> (0x000000076c7a9c70) thrown at [C:\re\workspace\8-2-build-windows-amd64-cygwin\jdk8u161\10277\hotspot\src\share\vm\interpreter\linkResolver.cpp, line 1185]
Event: 2.598 Thread 0x0000000005322800 Exception <a 'java/lang/NullPointerException'> (0x000000076c7a9e88) thrown at [C:\re\workspace\8-2-build-windows-amd64-cygwin\jdk8u161\10277\hotspot\src\share\vm\interpreter\linkResolver.cpp, line 1185]
Event: 3.009 Thread 0x0000000005322800 Implicit null exception at 0x00000000059e7c03 to 0x00000000059e7e4d
Event: 3.858 Thread 0x0000000005322800 Exception <a 'java/lang/NoClassDefFoundError': com/sun/mirror/apt/AnnotationProcessorFactory> (0x000000076e8fbc60) thrown at [C:\re\workspace\8-2-build-windows-amd64-cygwin\jdk8u161\10277\hotspot\src\share\vm\classfile\systemDictionary.cpp, line 199]

Events (10 events):
Event: 3.935 loading class org/apache/maven/artifact/repository/metadata/io/xpp3/MetadataXpp3Reader$1
Event: 3.935 loading class org/apache/maven/artifact/repository/metadata/io/xpp3/MetadataXpp3Reader$1 done
Event: 3.938 loading class org/apache/maven/plugin/DefaultPluginDescriptorCache$CacheKey
Event: 3.938 loading class org/apache/maven/plugin/DefaultPluginDescriptorCache$CacheKey done
Event: 3.947 Thread 0x0000000005322800 Uncommon trap: trap_request=0xffffff65 fr.pc=0x0000000005ab9154
Event: 3.947 Thread 0x0000000005322800 DEOPT PACKING pc=0x0000000005ab9154 sp=0x000000000531c990
Event: 3.947 Thread 0x0000000005322800 DEOPT UNPACKING pc=0x000000000546583b sp=0x000000000531c900 mode 2
Event: 3.961 Thread 0x0000000005322800 Uncommon trap: trap_request=0xffffff65 fr.pc=0x0000000005b3b94c
Event: 3.961 Thread 0x0000000005322800 DEOPT PACKING pc=0x0000000005b3b94c sp=0x000000000531c380
Event: 3.961 Thread 0x0000000005322800 DEOPT UNPACKING pc=0x000000000546583b sp=0x000000000531c310 mode 2


Dynamic libraries:
0x00007ff684b20000 - 0x00007ff684b57000 	C:\Program Files\Java\jdk1.8.0_161\bin\java.exe
0x00007ffa4fd70000 - 0x00007ffa4ff50000 	C:\windows\SYSTEM32\ntdll.dll
0x00007ffa4d600000 - 0x00007ffa4d6ae000 	C:\windows\System32\KERNEL32.DLL
0x00007ffa4c2e0000 - 0x00007ffa4c546000 	C:\windows\System32\KERNELBASE.dll
0x00007ffa4ee20000 - 0x00007ffa4eec1000 	C:\windows\System32\ADVAPI32.dll
0x00007ffa4d390000 - 0x00007ffa4d42d000 	C:\windows\System32\msvcrt.dll
0x00007ffa4d430000 - 0x00007ffa4d48b000 	C:\windows\System32\sechost.dll
0x00007ffa4d8c0000 - 0x00007ffa4d9df000 	C:\windows\System32\RPCRT4.dll
0x00007ffa4f910000 - 0x00007ffa4fa9f000 	C:\windows\System32\USER32.dll
0x00007ffa4d050000 - 0x00007ffa4d070000 	C:\windows\System32\win32u.dll
0x00007ffa4d490000 - 0x00007ffa4d4b8000 	C:\windows\System32\GDI32.dll
0x00007ffa4c550000 - 0x00007ffa4c6e3000 	C:\windows\System32\gdi32full.dll
0x00007ffa4c240000 - 0x00007ffa4c2db000 	C:\windows\System32\msvcp_win.dll
0x00007ffa4c6f0000 - 0x00007ffa4c7e4000 	C:\windows\System32\ucrtbase.dll
0x00007ffa39790000 - 0x00007ffa399f9000 	C:\windows\WinSxS\amd64_microsoft.windows.common-controls_6595b64144ccf1df_6.0.16299.1448_none_0f8c5c365a693f40\COMCTL32.dll
0x00007ffa4f600000 - 0x00007ffa4f906000 	C:\windows\System32\combase.dll
0x00007ffa4c170000 - 0x00007ffa4c1e8000 	C:\windows\System32\bcryptPrimitives.dll
0x00007ffa4eed0000 - 0x00007ffa4eefd000 	C:\windows\System32\IMM32.DLL
0x00007ffa4b0a0000 - 0x00007ffa4b213000 	C:\Program Files\Avecto\Privilege Guard Client\PGHook.dll
0x00007ffa4bb10000 - 0x00007ffa4bb27000 	C:\windows\SYSTEM32\CRYPTSP.dll
0x00007ffa4b510000 - 0x00007ffa4b543000 	C:\windows\system32\rsaenh.dll
0x00007ffa4bc20000 - 0x00007ffa4bc45000 	C:\windows\SYSTEM32\bcrypt.dll
0x00007ffa4bb30000 - 0x00007ffa4bb3b000 	C:\windows\SYSTEM32\CRYPTBASE.dll
0x00007ffa4d9e0000 - 0x00007ffa4ee1d000 	C:\windows\System32\shell32.dll
0x00007ffa4c1f0000 - 0x00007ffa4c23a000 	C:\windows\System32\cfgmgr32.dll
0x00007ffa4f4d0000 - 0x00007ffa4f576000 	C:\windows\System32\shcore.dll
0x00007ffa4c850000 - 0x00007ffa4cf9a000 	C:\windows\System32\windows.storage.dll
0x00007ffa4fb70000 - 0x00007ffa4fbc1000 	C:\windows\System32\shlwapi.dll
0x00007ffa4c0c0000 - 0x00007ffa4c0d1000 	C:\windows\System32\kernel.appcore.dll
0x00007ffa4c100000 - 0x00007ffa4c14c000 	C:\windows\System32\powrprof.dll
0x00007ffa4c0e0000 - 0x00007ffa4c0fb000 	C:\windows\System32\profapi.dll
0x00007ffa2a520000 - 0x00007ffa2a5d1000 	C:\Program Files\McAfee\Endpoint Security\Threat Prevention\Ips\EpMPApi.dll
0x00007ffa4c7f0000 - 0x00007ffa4c849000 	C:\windows\System32\WINTRUST.dll
0x00007ffa4c150000 - 0x00007ffa4c162000 	C:\windows\System32\MSASN1.dll
0x00007ffa4d070000 - 0x00007ffa4d23e000 	C:\windows\System32\CRYPT32.dll
0x000000006cac0000 - 0x000000006cacc000 	C:\Program Files\McAfee\Endpoint Security\Threat Prevention\Ips\EpMPThe.dll
0x00007ffa23640000 - 0x00007ffa23676000 	C:\Program Files\McAfee\Endpoint Security\Threat Prevention\Ips\HIPHandlers64.dll
0x000000006c960000 - 0x000000006ca32000 	C:\Program Files\Java\jdk1.8.0_161\jre\bin\msvcr100.dll
0x000000006a980000 - 0x000000006b21f000 	C:\Program Files\Java\jdk1.8.0_161\jre\bin\server\jvm.dll
0x00007ffa4d6b0000 - 0x00007ffa4d6b8000 	C:\windows\System32\PSAPI.DLL
0x00007ffa3f4a0000 - 0x00007ffa3f4aa000 	C:\windows\SYSTEM32\VERSION.dll
0x00007ffa3cca0000 - 0x00007ffa3cca9000 	C:\windows\SYSTEM32\WSOCK32.dll
0x00007ffa3cf10000 - 0x00007ffa3cf33000 	C:\windows\SYSTEM32\WINMM.dll
0x00007ffa4d4c0000 - 0x00007ffa4d52c000 	C:\windows\System32\WS2_32.dll
0x00007ffa3c400000 - 0x00007ffa3c42a000 	C:\windows\SYSTEM32\WINMMBASE.dll
0x000000006d790000 - 0x000000006d79f000 	C:\Program Files\Java\jdk1.8.0_161\jre\bin\verify.dll
0x000000006d760000 - 0x000000006d789000 	C:\Program Files\Java\jdk1.8.0_161\jre\bin\java.dll
0x000000006d740000 - 0x000000006d756000 	C:\Program Files\Java\jdk1.8.0_161\jre\bin\zip.dll
0x00007ffa45220000 - 0x00007ffa4522a000 	C:\MuleSoft\apache-maven-3.5.3\lib\jansi-native\windows64\jansi.dll
0x000000006d720000 - 0x000000006d73a000 	C:\Program Files\Java\jdk1.8.0_161\jre\bin\net.dll
0x00007ffa4b950000 - 0x00007ffa4b9b6000 	C:\windows\system32\mswsock.dll
0x000000006d700000 - 0x000000006d711000 	C:\Program Files\Java\jdk1.8.0_161\jre\bin\nio.dll

VM Arguments:
jvm_args: -Dclassworlds.conf=C:\MuleSoft\apache-maven-3.5.3\bin\..\bin\m2.conf -Dmaven.home=C:\MuleSoft\apache-maven-3.5.3\bin\.. -Dlibrary.jansi.path=C:\MuleSoft\apache-maven-3.5.3\bin\..\lib\jansi-native -Dmaven.multiModuleProjectDirectory=C:\Users\michael.archer\AnypointStudio\workspace_dv_training\maven-project 
java_command: org.codehaus.plexus.classworlds.launcher.Launcher -B org.mule.tools:studio-maven-plugin:studio -DdownloadSources=true
java_class_path (initial): C:\MuleSoft\apache-maven-3.5.3\bin\..\boot\plexus-classworlds-2.5.2.jar
Launcher Type: SUN_STANDARD

Environment Variables:
JAVA_HOME=C:\Program Files\Java\jdk1.8.0_161
PATH=C:/Program Files/Java/jre1.8.0_231/bin/server;C:/Program Files/Java/jre1.8.0_231/bin;C:/Program Files/Java/jre1.8.0_231/lib/amd64;C:\Program Files (x86)\Common Files\Oracle\Java\javapath;C:\ProgramData\Oracle\Java\javapath;C:\windows\system32;C:\windows;C:\windows\System32\Wbem;C:\windows\System32\WindowsPowerShell\v1.0\;C:\Program Files (x86)\IBM\Client Access\Emulator;C:\Program Files (x86)\IBM\Client Access\Shared;C:\Program Files (x86)\IBM\Client Access\;C:\Program Files (x86)\Webex\Webex\Applications;C:\Program Files (x86)\Plantronics\Spokes3G\;C:\Program Files (x86)\Java\jdk1.8.0_45\jre\bin\client;C:\Program Files\Git\cmd;C:\Program Files\TortoiseGit\bin;C:\Program Files\dotnet\;C:\Program Files\Microsoft SQL Server\130\Tools\Binn\;C:\Program Files\Microsoft SQL Server\Client SDK\ODBC\170\Tools\Binn\;"C:\Program Files\Java\jdk1.8.0_161\bin;";"C:\MuleSoft\apache-maven-3.5.3\bin;";C:\Users\michael.archer\AppData\Local\Microsoft\WindowsApps;C:\Program Files\Microsoft VS Code\bin;C:\Users\michael.archer\AppData\Local\GitHubDesktop\bin;C:\Program Files\Java\jdk1.8.0_161\bin;C:\MuleSoft\apache-maven-3.5.3\bin;;C:\MuleSoft\AnypointStudio;
USERNAME=Michael.Archer
OS=Windows_NT
PROCESSOR_IDENTIFIER=Intel64 Family 6 Model 142 Stepping 10, GenuineIntel



---------------  S Y S T E M  ---------------

OS: Windows 10.0 , 64 bit Build 16299 (10.0.16299.1146)

CPU:total 8 (initial active 8) (4 cores per cpu, 2 threads per core) family 6 model 142 stepping 10, cmov, cx8, fxsr, mmx, sse, sse2, sse3, ssse3, sse4.1, sse4.2, popcnt, avx, avx2, aes, clmul, erms, rtm, 3dnowpref, lzcnt, ht, tsc, tscinvbit, bmi1, bmi2, adx

Memory: 4k page, physical 16607680k(3464004k free), swap 16607680k(5400k free)

vm_info: Java HotSpot(TM) 64-Bit Server VM (25.161-b12) for windows-amd64 JRE (1.8.0_161-b12), built on Dec 19 2017 17:52:25 by "java_re" with MS VC++ 10.0 (VS2010)

time: Tue Oct 29 16:51:05 2019
elapsed time: 4 seconds (0d 0h 0m 4s)

