#
# There is insufficient memory for the Java Runtime Environment to continue.
# Native memory allocation (malloc) failed to allocate 1379072 bytes for Chunk::new
# Possible reasons:
#   The system is out of physical RAM or swap space
#   In 32 bit mode, the process size limit was hit
# Possible solutions:
#   Reduce memory load on the system
#   Increase physical memory or swap space
#   Check if swap backing store is full
#   Use 64 bit Java on a 64 bit OS
#   Decrease Java heap size (-Xmx/-Xms)
#   Decrease number of Java threads
#   Decrease Java thread stack sizes (-Xss)
#   Set larger code cache with -XX:ReservedCodeCacheSize=
# This output file may be truncated or incomplete.
#
#  Out of Memory Error (allocation.cpp:390), pid=17436, tid=0x0000000000005a54
#
# JRE version: Java(TM) SE Runtime Environment (8.0_161-b12) (build 1.8.0_161-b12)
# Java VM: Java HotSpot(TM) 64-Bit Server VM (25.161-b12 mixed mode windows-amd64 compressed oops)
# Failed to write core dump. Minidumps are not enabled by default on client versions of Windows
#

---------------  T H R E A D  ---------------

Current thread (0x0000000020a4b800):  JavaThread "C2 CompilerThread2" daemon [_thread_in_native, id=23124, stack(0x0000000021320000,0x0000000021420000)]

Stack: [0x0000000021320000,0x0000000021420000]
[error occurred during error reporting (printing stack bounds), id 0xc0000005]

Native frames: (J=compiled Java code, j=interpreted, Vv=VM code, C=native code)


Current CompileTask:
C2:   8517 3664   !   4       com.google.inject.spi.InjectionPoint::getInjectionPoints (495 bytes)


---------------  P R O C E S S  ---------------

Java Threads: ( => current thread )
  0x0000000021818000 JavaThread "resolver-2" daemon [_thread_blocked, id=17800, stack(0x0000000026c00000,0x0000000026d00000)]
  0x0000000021eb9000 JavaThread "resolver-1" daemon [_thread_blocked, id=2772, stack(0x0000000025860000,0x0000000025960000)]
  0x0000000020a6f800 JavaThread "Service Thread" daemon [_thread_blocked, id=16208, stack(0x0000000021520000,0x0000000021620000)]
  0x0000000020a57000 JavaThread "C1 CompilerThread3" daemon [_thread_blocked, id=24324, stack(0x0000000021420000,0x0000000021520000)]
=>0x0000000020a4b800 JavaThread "C2 CompilerThread2" daemon [_thread_in_native, id=23124, stack(0x0000000021320000,0x0000000021420000)]
  0x0000000020a4b000 JavaThread "C2 CompilerThread1" daemon [_thread_blocked, id=27564, stack(0x0000000021220000,0x0000000021320000)]
  0x0000000020a45000 JavaThread "C2 CompilerThread0" daemon [_thread_in_native, id=28572, stack(0x0000000021120000,0x0000000021220000)]
  0x0000000020a55800 JavaThread "Attach Listener" daemon [_thread_blocked, id=27720, stack(0x0000000021020000,0x0000000021120000)]
  0x0000000020a54800 JavaThread "Signal Dispatcher" daemon [_thread_blocked, id=28440, stack(0x0000000020f20000,0x0000000021020000)]
  0x0000000020a40800 JavaThread "Finalizer" daemon [_thread_blocked, id=21640, stack(0x0000000020e20000,0x0000000020f20000)]
  0x0000000005199000 JavaThread "Reference Handler" daemon [_thread_blocked, id=21028, stack(0x0000000020920000,0x0000000020a20000)]
  0x00000000050a2800 JavaThread "main" [_thread_in_Java, id=8920, stack(0x0000000004fa0000,0x00000000050a0000)]

Other Threads:
  0x000000001eb39800 VMThread [stack: 0x0000000020820000,0x0000000020920000] [id=19092]
  0x0000000020aee000 WatcherThread [stack: 0x0000000021620000,0x0000000021720000] [id=22672]

VM state:not at safepoint (normal execution)

VM Mutex/Monitor currently owned by a thread: None

Heap:
 PSYoungGen      total 75776K, used 31606K [0x000000076b800000, 0x0000000770c80000, 0x00000007c0000000)
  eden space 65024K, 32% used [0x000000076b800000,0x000000076cc619b0,0x000000076f780000)
  from space 10752K, 99% used [0x000000076f780000,0x00000007701fc030,0x0000000770200000)
  to   space 10752K, 0% used [0x0000000770200000,0x0000000770200000,0x0000000770c80000)
 ParOldGen       total 173568K, used 9441K [0x00000006c2800000, 0x00000006cd180000, 0x000000076b800000)
  object space 173568K, 5% used [0x00000006c2800000,0x00000006c3138610,0x00000006cd180000)
 Metaspace       used 19899K, capacity 20404K, committed 20736K, reserved 1067008K
  class space    used 2295K, capacity 2507K, committed 2560K, reserved 1048576K

Card table byte_map: [0x0000000014560000,0x0000000014d50000] byte_map_base: 0x0000000010f4c000

Marking Bits: (ParMarkBitMap*) 0x000000006b19f860
 Begin Bits: [0x0000000015aa0000, 0x0000000019a00000)
 End Bits:   [0x0000000019a00000, 0x000000001d960000)

Polling page: 0x0000000002a00000

CodeCache: size=245760Kb used=12734Kb max_used=14286Kb free=233025Kb
 bounds [0x00000000051a0000, 0x0000000005fb0000, 0x00000000141a0000]
 total_blobs=3901 nmethods=3503 adapters=310
 compilation: enabled

Compilation events (10 events):
Event: 8.476 Thread 0x0000000020a57000 nmethod 3999 0x0000000005518410 code [0x0000000005518560, 0x00000000055186b0]
Event: 8.479 Thread 0x0000000020a4b000 nmethod 3996 0x0000000005718510 code [0x0000000005718680, 0x0000000005718898]
Event: 8.479 Thread 0x0000000020a4b000 3998       4       org.eclipse.sisu.plexus.RealmFilteredBeans$FilteredItr::next (5 bytes)
Event: 8.481 Thread 0x0000000020a4b000 nmethod 3998 0x0000000005518090 code [0x00000000055181e0, 0x00000000055182f8]
Event: 8.484 Thread 0x0000000020a57000 4000       3       org.apache.maven.model.CiManagement::setSystem (6 bytes)
Event: 8.485 Thread 0x0000000020a57000 nmethod 4000 0x0000000005727610 code [0x0000000005727760, 0x00000000057278d0]
Event: 8.485 Thread 0x0000000020a57000 4001       3       org.apache.maven.model.building.ModelProblemUtils::toSourceHint (57 bytes)
Event: 8.487 Thread 0x0000000020a57000 nmethod 4001 0x000000000543bdd0 code [0x000000000543c040, 0x000000000543d088]
Event: 8.501 Thread 0x0000000020a57000 4002       3       org.apache.maven.model.DependencyManagement::setDependencies (6 bytes)
Event: 8.501 Thread 0x0000000020a57000 nmethod 4002 0x00000000057272d0 code [0x0000000005727420, 0x0000000005727590]

GC Heap History (10 events):
Event: 0.961 GC heap before
{Heap before GC invocations=1 (full 0):
 PSYoungGen      total 75776K, used 65024K [0x000000076b800000, 0x0000000770c80000, 0x00000007c0000000)
  eden space 65024K, 100% used [0x000000076b800000,0x000000076f780000,0x000000076f780000)
  from space 10752K, 0% used [0x0000000770200000,0x0000000770200000,0x0000000770c80000)
  to   space 10752K, 0% used [0x000000076f780000,0x000000076f780000,0x0000000770200000)
 ParOldGen       total 173568K, used 0K [0x00000006c2800000, 0x00000006cd180000, 0x000000076b800000)
  object space 173568K, 0% used [0x00000006c2800000,0x00000006c2800000,0x00000006cd180000)
 Metaspace       used 11654K, capacity 11784K, committed 12160K, reserved 1060864K
  class space    used 1455K, capacity 1540K, committed 1664K, reserved 1048576K
Event: 0.968 GC heap after
Heap after GC invocations=1 (full 0):
 PSYoungGen      total 75776K, used 10076K [0x000000076b800000, 0x0000000770c80000, 0x00000007c0000000)
  eden space 65024K, 0% used [0x000000076b800000,0x000000076b800000,0x000000076f780000)
  from space 10752K, 93% used [0x000000076f780000,0x0000000770157218,0x0000000770200000)
  to   space 10752K, 0% used [0x0000000770200000,0x0000000770200000,0x0000000770c80000)
 ParOldGen       total 173568K, used 16K [0x00000006c2800000, 0x00000006cd180000, 0x000000076b800000)
  object space 173568K, 0% used [0x00000006c2800000,0x00000006c2804000,0x00000006cd180000)
 Metaspace       used 11654K, capacity 11784K, committed 12160K, reserved 1060864K
  class space    used 1455K, capacity 1540K, committed 1664K, reserved 1048576K
}
Event: 2.667 GC heap before
{Heap before GC invocations=2 (full 0):
 PSYoungGen      total 75776K, used 75100K [0x000000076b800000, 0x0000000770c80000, 0x00000007c0000000)
  eden space 65024K, 100% used [0x000000076b800000,0x000000076f780000,0x000000076f780000)
  from space 10752K, 93% used [0x000000076f780000,0x0000000770157218,0x0000000770200000)
  to   space 10752K, 0% used [0x0000000770200000,0x0000000770200000,0x0000000770c80000)
 ParOldGen       total 173568K, used 16K [0x00000006c2800000, 0x00000006cd180000, 0x000000076b800000)
  object space 173568K, 0% used [0x00000006c2800000,0x00000006c2804000,0x00000006cd180000)
 Metaspace       used 16327K, capacity 16594K, committed 16768K, reserved 1064960K
  class space    used 2020K, capacity 2147K, committed 2176K, reserved 1048576K
Event: 2.686 GC heap after
Heap after GC invocations=2 (full 0):
 PSYoungGen      total 75776K, used 10181K [0x000000076b800000, 0x0000000770c80000, 0x00000007c0000000)
  eden space 65024K, 0% used [0x000000076b800000,0x000000076b800000,0x000000076f780000)
  from space 10752K, 94% used [0x0000000770200000,0x0000000770bf16b0,0x0000000770c80000)
  to   space 10752K, 0% used [0x000000076f780000,0x000000076f780000,0x0000000770200000)
 ParOldGen       total 173568K, used 32K [0x00000006c2800000, 0x00000006cd180000, 0x000000076b800000)
  object space 173568K, 0% used [0x00000006c2800000,0x00000006c2808000,0x00000006cd180000)
 Metaspace       used 16327K, capacity 16594K, committed 16768K, reserved 1064960K
  class space    used 2020K, capacity 2147K, committed 2176K, reserved 1048576K
}
Event: 4.453 GC heap before
{Heap before GC invocations=3 (full 0):
 PSYoungGen      total 75776K, used 75205K [0x000000076b800000, 0x0000000770c80000, 0x00000007c0000000)
  eden space 65024K, 100% used [0x000000076b800000,0x000000076f780000,0x000000076f780000)
  from space 10752K, 94% used [0x0000000770200000,0x0000000770bf16b0,0x0000000770c80000)
  to   space 10752K, 0% used [0x000000076f780000,0x000000076f780000,0x0000000770200000)
 ParOldGen       total 173568K, used 32K [0x00000006c2800000, 0x00000006cd180000, 0x000000076b800000)
  object space 173568K, 0% used [0x00000006c2800000,0x00000006c2808000,0x00000006cd180000)
 Metaspace       used 16921K, capacity 17262K, committed 17664K, reserved 1064960K
  class space    used 2036K, capacity 2189K, committed 2304K, reserved 1048576K
Event: 4.471 GC heap after
Heap after GC invocations=3 (full 0):
 PSYoungGen      total 75776K, used 10720K [0x000000076b800000, 0x0000000770c80000, 0x00000007c0000000)
  eden space 65024K, 0% used [0x000000076b800000,0x000000076b800000,0x000000076f780000)
  from space 10752K, 99% used [0x000000076f780000,0x00000007701f8020,0x0000000770200000)
  to   space 10752K, 0% used [0x0000000770200000,0x0000000770200000,0x0000000770c80000)
 ParOldGen       total 173568K, used 472K [0x00000006c2800000, 0x00000006cd180000, 0x000000076b800000)
  object space 173568K, 0% used [0x00000006c2800000,0x00000006c28762c0,0x00000006cd180000)
 Metaspace       used 16921K, capacity 17262K, committed 17664K, reserved 1064960K
  class space    used 2036K, capacity 2189K, committed 2304K, reserved 1048576K
}
Event: 6.429 GC heap before
{Heap before GC invocations=4 (full 0):
 PSYoungGen      total 75776K, used 75744K [0x000000076b800000, 0x0000000770c80000, 0x00000007c0000000)
  eden space 65024K, 100% used [0x000000076b800000,0x000000076f780000,0x000000076f780000)
  from space 10752K, 99% used [0x000000076f780000,0x00000007701f8020,0x0000000770200000)
  to   space 10752K, 0% used [0x0000000770200000,0x0000000770200000,0x0000000770c80000)
 ParOldGen       total 173568K, used 472K [0x00000006c2800000, 0x00000006cd180000, 0x000000076b800000)
  object space 173568K, 0% used [0x00000006c2800000,0x00000006c28762c0,0x00000006cd180000)
 Metaspace       used 17490K, capacity 17926K, committed 18176K, reserved 1064960K
  class space    used 2084K, capacity 2261K, committed 2304K, reserved 1048576K
Event: 6.450 GC heap after
Heap after GC invocations=4 (full 0):
 PSYoungGen      total 75776K, used 10720K [0x000000076b800000, 0x0000000770c80000, 0x00000007c0000000)
  eden space 65024K, 0% used [0x000000076b800000,0x000000076b800000,0x000000076f780000)
  from space 10752K, 99% used [0x0000000770200000,0x0000000770c78020,0x0000000770c80000)
  to   space 10752K, 0% used [0x000000076f780000,0x000000076f780000,0x0000000770200000)
 ParOldGen       total 173568K, used 3978K [0x00000006c2800000, 0x00000006cd180000, 0x000000076b800000)
  object space 173568K, 2% used [0x00000006c2800000,0x00000006c2be2b68,0x00000006cd180000)
 Metaspace       used 17490K, capacity 17926K, committed 18176K, reserved 1064960K
  class space    used 2084K, capacity 2261K, committed 2304K, reserved 1048576K
}
Event: 8.322 GC heap before
{Heap before GC invocations=5 (full 0):
 PSYoungGen      total 75776K, used 75744K [0x000000076b800000, 0x0000000770c80000, 0x00000007c0000000)
  eden space 65024K, 100% used [0x000000076b800000,0x000000076f780000,0x000000076f780000)
  from space 10752K, 99% used [0x0000000770200000,0x0000000770c78020,0x0000000770c80000)
  to   space 10752K, 0% used [0x000000076f780000,0x000000076f780000,0x0000000770200000)
 ParOldGen       total 173568K, used 3978K [0x00000006c2800000, 0x00000006cd180000, 0x000000076b800000)
  object space 173568K, 2% used [0x00000006c2800000,0x00000006c2be2b68,0x00000006cd180000)
 Metaspace       used 19823K, capacity 20372K, committed 20736K, reserved 1067008K
  class space    used 2289K, capacity 2475K, committed 2560K, reserved 1048576K
Event: 8.345 GC heap after
Heap after GC invocations=5 (full 0):
 PSYoungGen      total 75776K, used 10736K [0x000000076b800000, 0x0000000770c80000, 0x00000007c0000000)
  eden space 65024K, 0% used [0x000000076b800000,0x000000076b800000,0x000000076f780000)
  from space 10752K, 99% used [0x000000076f780000,0x00000007701fc030,0x0000000770200000)
  to   space 10752K, 0% used [0x0000000770200000,0x0000000770200000,0x0000000770c80000)
 ParOldGen       total 173568K, used 9441K [0x00000006c2800000, 0x00000006cd180000, 0x000000076b800000)
  object space 173568K, 5% used [0x00000006c2800000,0x00000006c3138610,0x00000006cd180000)
 Metaspace       used 19823K, capacity 20372K, committed 20736K, reserved 1067008K
  class space    used 2289K, capacity 2475K, committed 2560K, reserved 1048576K
}

Deoptimization events (10 events):
Event: 8.210 Thread 0x00000000050a2800 Uncommon trap: reason=unstable_if action=reinterpret pc=0x0000000005d3f4ec method=org.apache.maven.model.ConfigurationContainer.getLocation(Ljava/lang/Object;)Lorg/apache/maven/model/InputLocation; @ 4
Event: 8.210 Thread 0x00000000050a2800 Uncommon trap: reason=unstable_if action=reinterpret pc=0x0000000005d5f91c method=org.apache.maven.model.ConfigurationContainer.getLocation(Ljava/lang/Object;)Lorg/apache/maven/model/InputLocation; @ 4
Event: 8.210 Thread 0x00000000050a2800 Uncommon trap: reason=unstable_if action=reinterpret pc=0x0000000005a3cadc method=org.apache.maven.model.ConfigurationContainer.getLocation(Ljava/lang/Object;)Lorg/apache/maven/model/InputLocation; @ 4
Event: 8.211 Thread 0x00000000050a2800 Uncommon trap: reason=unstable_if action=reinterpret pc=0x0000000005d6049c method=org.apache.maven.model.ConfigurationContainer.getLocation(Ljava/lang/Object;)Lorg/apache/maven/model/InputLocation; @ 4
Event: 8.211 Thread 0x00000000050a2800 Uncommon trap: reason=unstable_if action=reinterpret pc=0x0000000005d5f588 method=org.apache.maven.model.ConfigurationContainer.getLocation(Ljava/lang/Object;)Lorg/apache/maven/model/InputLocation; @ 4
Event: 8.221 Thread 0x00000000050a2800 Uncommon trap: reason=null_check action=make_not_entrant pc=0x00000000054df968 method=org.apache.maven.model.io.xpp3.MavenXpp3ReaderEx.checkFieldWithDuplicate(Lorg/codehaus/plexus/util/xml/pull/XmlPullParser;Ljava/lang/String;Ljava/lang/String;Ljava/util/
Event: 8.358 Thread 0x0000000021eb9000 Uncommon trap: reason=class_check action=maybe_recompile pc=0x00000000052d3000 method=java.util.concurrent.locks.AbstractQueuedSynchronizer.release(I)Z @ 2
Event: 8.358 Thread 0x0000000021818000 Uncommon trap: reason=class_check action=maybe_recompile pc=0x00000000052d3000 method=java.util.concurrent.locks.AbstractQueuedSynchronizer.release(I)Z @ 2
Event: 8.360 Thread 0x0000000021818000 Uncommon trap: reason=class_check action=maybe_recompile pc=0x00000000052d3000 method=java.util.concurrent.locks.AbstractQueuedSynchronizer.release(I)Z @ 2
Event: 8.360 Thread 0x0000000021eb9000 Uncommon trap: reason=class_check action=maybe_recompile pc=0x00000000052d3000 method=java.util.concurrent.locks.AbstractQueuedSynchronizer.release(I)Z @ 2

Classes redefined (0 events):
No events

Internal exceptions (10 events):
Event: 2.823 Thread 0x00000000050a2800 Implicit null exception at 0x000000000556b995 to 0x000000000556bbb9
Event: 2.825 Thread 0x00000000050a2800 Implicit null exception at 0x00000000054f566f to 0x00000000054f56d9
Event: 2.831 Thread 0x00000000050a2800 Implicit null exception at 0x000000000595c590 to 0x000000000595c84d
Event: 2.832 Thread 0x00000000050a2800 Implicit null exception at 0x000000000574858b to 0x0000000005748d9d
Event: 2.832 Thread 0x00000000050a2800 Implicit null exception at 0x0000000005642cdb to 0x0000000005643175
Event: 6.631 Thread 0x00000000050a2800 Implicit null exception at 0x0000000005ead16b to 0x0000000005eafdf5
Event: 7.243 Thread 0x00000000050a2800 Implicit null exception at 0x0000000005bac6f4 to 0x0000000005bada3d
Event: 7.243 Thread 0x00000000050a2800 Implicit null exception at 0x0000000005e6eeca to 0x0000000005e70159
Event: 8.191 Thread 0x00000000050a2800 Implicit null exception at 0x0000000005b897a5 to 0x0000000005b89d0d
Event: 8.220 Thread 0x00000000050a2800 Implicit null exception at 0x00000000054df703 to 0x00000000054df94d

Events (10 events):
Event: 8.364 loading class org/apache/maven/model/Model
Event: 8.364 loading class org/apache/maven/model/Model done
Event: 8.364 loading class org/apache/maven/model/Model
Event: 8.364 loading class org/apache/maven/model/Model done
Event: 8.364 loading class org/apache/maven/surefire/util/internal/ImmutableMap
Event: 8.364 loading class org/apache/maven/surefire/util/internal/ImmutableMap done
Event: 8.364 loading class org/apache/maven/surefire/util/internal/ImmutableMap
Event: 8.364 loading class org/apache/maven/surefire/util/internal/ImmutableMap done
Event: 8.364 loading class org/apache/maven/surefire/util/internal/ImmutableMap
Event: 8.364 loading class org/apache/maven/surefire/util/internal/ImmutableMap done


Dynamic libraries:
0x00007ff684b20000 - 0x00007ff684b57000 	C:\Program Files\Java\jdk1.8.0_161\bin\java.exe
0x00007ffa4fd70000 - 0x00007ffa4ff50000 	C:\windows\SYSTEM32\ntdll.dll
0x00007ffa4d600000 - 0x00007ffa4d6ae000 	C:\windows\System32\KERNEL32.DLL
0x00007ffa4c2e0000 - 0x00007ffa4c546000 	C:\windows\System32\KERNELBASE.dll
0x00007ffa4ee20000 - 0x00007ffa4eec1000 	C:\windows\System32\ADVAPI32.dll
0x00007ffa4d390000 - 0x00007ffa4d42d000 	C:\windows\System32\msvcrt.dll
0x00007ffa4d430000 - 0x00007ffa4d48b000 	C:\windows\System32\sechost.dll
0x00007ffa4d8c0000 - 0x00007ffa4d9df000 	C:\windows\System32\RPCRT4.dll
0x00007ffa4f910000 - 0x00007ffa4fa9f000 	C:\windows\System32\USER32.dll
0x00007ffa4d050000 - 0x00007ffa4d070000 	C:\windows\System32\win32u.dll
0x00007ffa4d490000 - 0x00007ffa4d4b8000 	C:\windows\System32\GDI32.dll
0x00007ffa4c550000 - 0x00007ffa4c6e3000 	C:\windows\System32\gdi32full.dll
0x00007ffa4c240000 - 0x00007ffa4c2db000 	C:\windows\System32\msvcp_win.dll
0x00007ffa4c6f0000 - 0x00007ffa4c7e4000 	C:\windows\System32\ucrtbase.dll
0x00007ffa39790000 - 0x00007ffa399f9000 	C:\windows\WinSxS\amd64_microsoft.windows.common-controls_6595b64144ccf1df_6.0.16299.1448_none_0f8c5c365a693f40\COMCTL32.dll
0x00007ffa4f600000 - 0x00007ffa4f906000 	C:\windows\System32\combase.dll
0x00007ffa4c170000 - 0x00007ffa4c1e8000 	C:\windows\System32\bcryptPrimitives.dll
0x00007ffa4eed0000 - 0x00007ffa4eefd000 	C:\windows\System32\IMM32.DLL
0x00007ffa4b0a0000 - 0x00007ffa4b213000 	C:\Program Files\Avecto\Privilege Guard Client\PGHook.dll
0x00007ffa4bb10000 - 0x00007ffa4bb27000 	C:\windows\SYSTEM32\CRYPTSP.dll
0x00007ffa4b510000 - 0x00007ffa4b543000 	C:\windows\system32\rsaenh.dll
0x00007ffa4bc20000 - 0x00007ffa4bc45000 	C:\windows\SYSTEM32\bcrypt.dll
0x00007ffa4bb30000 - 0x00007ffa4bb3b000 	C:\windows\SYSTEM32\CRYPTBASE.dll
0x00007ffa4d9e0000 - 0x00007ffa4ee1d000 	C:\windows\System32\shell32.dll
0x00007ffa4c1f0000 - 0x00007ffa4c23a000 	C:\windows\System32\cfgmgr32.dll
0x00007ffa4f4d0000 - 0x00007ffa4f576000 	C:\windows\System32\shcore.dll
0x00007ffa4c850000 - 0x00007ffa4cf9a000 	C:\windows\System32\windows.storage.dll
0x00007ffa4fb70000 - 0x00007ffa4fbc1000 	C:\windows\System32\shlwapi.dll
0x00007ffa4c0c0000 - 0x00007ffa4c0d1000 	C:\windows\System32\kernel.appcore.dll
0x00007ffa4c100000 - 0x00007ffa4c14c000 	C:\windows\System32\powrprof.dll
0x00007ffa4c0e0000 - 0x00007ffa4c0fb000 	C:\windows\System32\profapi.dll
0x00007ffa2a520000 - 0x00007ffa2a5d1000 	C:\Program Files\McAfee\Endpoint Security\Threat Prevention\Ips\EpMPApi.dll
0x00007ffa4c7f0000 - 0x00007ffa4c849000 	C:\windows\System32\WINTRUST.dll
0x00007ffa4c150000 - 0x00007ffa4c162000 	C:\windows\System32\MSASN1.dll
0x00007ffa4d070000 - 0x00007ffa4d23e000 	C:\windows\System32\CRYPT32.dll
0x000000006cac0000 - 0x000000006cacc000 	C:\Program Files\McAfee\Endpoint Security\Threat Prevention\Ips\EpMPThe.dll
0x00007ffa23640000 - 0x00007ffa23676000 	C:\Program Files\McAfee\Endpoint Security\Threat Prevention\Ips\HIPHandlers64.dll
0x000000006c960000 - 0x000000006ca32000 	C:\Program Files\Java\jdk1.8.0_161\jre\bin\msvcr100.dll
0x000000006a980000 - 0x000000006b21f000 	C:\Program Files\Java\jdk1.8.0_161\jre\bin\server\jvm.dll
0x00007ffa4d6b0000 - 0x00007ffa4d6b8000 	C:\windows\System32\PSAPI.DLL
0x00007ffa3f4a0000 - 0x00007ffa3f4aa000 	C:\windows\SYSTEM32\VERSION.dll
0x00007ffa3cca0000 - 0x00007ffa3cca9000 	C:\windows\SYSTEM32\WSOCK32.dll
0x00007ffa3cf10000 - 0x00007ffa3cf33000 	C:\windows\SYSTEM32\WINMM.dll
0x00007ffa4d4c0000 - 0x00007ffa4d52c000 	C:\windows\System32\WS2_32.dll
0x00007ffa3c400000 - 0x00007ffa3c42a000 	C:\windows\SYSTEM32\WINMMBASE.dll
0x000000006d790000 - 0x000000006d79f000 	C:\Program Files\Java\jdk1.8.0_161\jre\bin\verify.dll
0x000000006d760000 - 0x000000006d789000 	C:\Program Files\Java\jdk1.8.0_161\jre\bin\java.dll
0x000000006d740000 - 0x000000006d756000 	C:\Program Files\Java\jdk1.8.0_161\jre\bin\zip.dll
0x00007ffa45220000 - 0x00007ffa4522a000 	C:\MuleSoft\apache-maven-3.5.3\lib\jansi-native\windows64\jansi.dll
0x000000006d720000 - 0x000000006d73a000 	C:\Program Files\Java\jdk1.8.0_161\jre\bin\net.dll
0x00007ffa4b950000 - 0x00007ffa4b9b6000 	C:\windows\system32\mswsock.dll
0x000000006d700000 - 0x000000006d711000 	C:\Program Files\Java\jdk1.8.0_161\jre\bin\nio.dll
0x000000006d6f0000 - 0x000000006d6fd000 	C:\Program Files\Java\jdk1.8.0_161\jre\bin\management.dll
0x00007ffa340d0000 - 0x00007ffa340e6000 	C:\windows\system32\napinsp.dll
0x00007ffa34000000 - 0x00007ffa3401a000 	C:\windows\system32\pnrpnsp.dll
0x00007ffa46520000 - 0x00007ffa46538000 	C:\windows\system32\NLAapi.dll
0x00007ffa4b6e0000 - 0x00007ffa4b797000 	C:\windows\SYSTEM32\DNSAPI.dll
0x00007ffa4f070000 - 0x00007ffa4f078000 	C:\windows\System32\NSI.dll
0x00007ffa4b6a0000 - 0x00007ffa4b6d9000 	C:\windows\SYSTEM32\IPHLPAPI.DLL
0x00007ffa33de0000 - 0x00007ffa33dee000 	C:\windows\System32\winrnr.dll
0x00007ffa44020000 - 0x00007ffa44035000 	C:\windows\System32\wshbth.dll
0x00007ffa43c60000 - 0x00007ffa43c6a000 	C:\Windows\System32\rasadhlp.dll
0x00007ffa48c10000 - 0x00007ffa48c80000 	C:\windows\System32\fwpuclnt.dll
0x00007ffa4bff0000 - 0x00007ffa4c019000 	C:\windows\SYSTEM32\USERENV.dll
0x00007ffa46b50000 - 0x00007ffa46b66000 	C:\windows\SYSTEM32\dhcpcsvc6.DLL
0x00007ffa46b30000 - 0x00007ffa46b4a000 	C:\windows\SYSTEM32\dhcpcsvc.DLL

VM Arguments:
jvm_args: -Dclassworlds.conf=C:\MuleSoft\apache-maven-3.5.3\bin\..\bin\m2.conf -Dmaven.home=C:\MuleSoft\apache-maven-3.5.3\bin\.. -Dlibrary.jansi.path=C:\MuleSoft\apache-maven-3.5.3\bin\..\lib\jansi-native -Dmaven.multiModuleProjectDirectory=C:\Users\michael.archer\AnypointStudio\workspace_dv_training\maven-project 
java_command: org.codehaus.plexus.classworlds.launcher.Launcher package mule:deploy -Dpwd=W@ter123
java_class_path (initial): C:\MuleSoft\apache-maven-3.5.3\bin\..\boot\plexus-classworlds-2.5.2.jar
Launcher Type: SUN_STANDARD

Environment Variables:
JAVA_HOME=C:\Program Files\Java\jdk1.8.0_161
PATH=C:\Program Files (x86)\Common Files\Oracle\Java\javapath;C:\ProgramData\Oracle\Java\javapath;C:\windows\system32;C:\windows;C:\windows\System32\Wbem;C:\windows\System32\WindowsPowerShell\v1.0\;C:\Program Files (x86)\IBM\Client Access\Emulator;C:\Program Files (x86)\IBM\Client Access\Shared;C:\Program Files (x86)\IBM\Client Access\;C:\Program Files (x86)\Webex\Webex\Applications;C:\Program Files (x86)\Plantronics\Spokes3G\;C:\Program Files (x86)\Java\jdk1.8.0_45\jre\bin\client;C:\Program Files\Git\cmd;C:\Program Files\TortoiseGit\bin;C:\Program Files\dotnet\;C:\Program Files\Microsoft SQL Server\130\Tools\Binn\;C:\Program Files\Microsoft SQL Server\Client SDK\ODBC\170\Tools\Binn\;"C:\Program Files\Java\jdk1.8.0_161\bin;";"C:\MuleSoft\apache-maven-3.5.3\bin;";C:\Users\michael.archer\AppData\Local\Microsoft\WindowsApps;C:\Program Files\Microsoft VS Code\bin;C:\Users\michael.archer\AppData\Local\GitHubDesktop\bin;C:\Program Files\Java\jdk1.8.0_161\bin;C:\MuleSoft\apache-maven-3.5.3\bin;
USERNAME=Michael.Archer
OS=Windows_NT
PROCESSOR_IDENTIFIER=Intel64 Family 6 Model 142 Stepping 10, GenuineIntel



---------------  S Y S T E M  ---------------

OS: Windows 10.0 , 64 bit Build 16299 (10.0.16299.1146)

CPU:total 8 (initial active 8) (4 cores per cpu, 2 threads per core) family 6 model 142 stepping 10, cmov, cx8, fxsr, mmx, sse, sse2, sse3, ssse3, sse4.1, sse4.2, popcnt, avx, avx2, aes, clmul, erms, rtm, 3dnowpref, lzcnt, ht, tsc, tscinvbit, bmi1, bmi2, adx

Memory: 4k page, physical 16607680k(3440512k free), swap 16607680k(5788k free)

vm_info: Java HotSpot(TM) 64-Bit Server VM (25.161-b12) for windows-amd64 JRE (1.8.0_161-b12), built on Dec 19 2017 17:52:25 by "java_re" with MS VC++ 10.0 (VS2010)

time: Tue Oct 29 16:52:19 2019
elapsed time: 8 seconds (0d 0h 0m 8s)

