#
# There is insufficient memory for the Java Runtime Environment to continue.
# Native memory allocation (malloc) failed to allocate 1048576 bytes for AllocateHeap
# Possible reasons:
#   The system is out of physical RAM or swap space
#   In 32 bit mode, the process size limit was hit
# Possible solutions:
#   Reduce memory load on the system
#   Increase physical memory or swap space
#   Check if swap backing store is full
#   Use 64 bit Java on a 64 bit OS
#   Decrease Java heap size (-Xmx/-Xms)
#   Decrease number of Java threads
#   Decrease Java thread stack sizes (-Xss)
#   Set larger code cache with -XX:ReservedCodeCacheSize=
# This output file may be truncated or incomplete.
#
#  Out of Memory Error (memory/allocation.inline.hpp:61), pid=22780, tid=0x00000000000042e8
#
# JRE version:  (8.0_161-b12) (build )
# Java VM: Java HotSpot(TM) 64-Bit Server VM (25.161-b12 mixed mode windows-amd64 compressed oops)
# Failed to write core dump. Minidumps are not enabled by default on client versions of Windows
#

---------------  T H R E A D  ---------------

Current thread (0x0000000004d12800):  JavaThread "Unknown thread" [_thread_in_vm, id=17128, stack(0x0000000004b90000,0x0000000004c90000)]

Stack: [0x0000000004b90000,0x0000000004c90000]
[error occurred during error reporting (printing stack bounds), id 0xc0000005]

Native frames: (J=compiled Java code, j=interpreted, Vv=VM code, C=native code)


---------------  P R O C E S S  ---------------

Java Threads: ( => current thread )

Other Threads:

=>0x0000000004d12800 (exited) JavaThread "Unknown thread" [_thread_in_vm, id=17128, stack(0x0000000004b90000,0x0000000004c90000)]

VM state:not at safepoint (normal execution)

VM Mutex/Monitor currently owned by a thread: None

Heap:
 PSYoungGen      total 75776K, used 1300K [0x000000076b800000, 0x0000000770c80000, 0x00000007c0000000)
  eden space 65024K, 2% used [0x000000076b800000,0x000000076b9451f8,0x000000076f780000)
  from space 10752K, 0% used [0x0000000770200000,0x0000000770200000,0x0000000770c80000)
  to   space 10752K, 0% used [0x000000076f780000,0x000000076f780000,0x0000000770200000)
 ParOldGen       total 173568K, used 0K [0x00000006c2800000, 0x00000006cd180000, 0x000000076b800000)
  object space 173568K, 0% used [0x00000006c2800000,0x00000006c2800000,0x00000006cd180000)
 Metaspace       used 770K, capacity 4480K, committed 4480K, reserved 1056768K
  class space    used 75K, capacity 384K, committed 384K, reserved 1048576K

Card table byte_map: [0x00000000141d0000,0x00000000149c0000] byte_map_base: 0x0000000010bbc000

Marking Bits: (ParMarkBitMap*) 0x000000006b19f860
 Begin Bits: [0x0000000015710000, 0x0000000019670000)
 End Bits:   [0x0000000019670000, 0x000000001d5d0000)

Polling page: 0x0000000002790000

CodeCache: size=245760Kb used=328Kb max_used=328Kb free=245431Kb
 bounds [0x0000000004e10000, 0x0000000005080000, 0x0000000013e10000]
 total_blobs=58 nmethods=0 adapters=38
 compilation: enabled

Compilation events (0 events):
No events

GC Heap History (0 events):
No events

Deoptimization events (0 events):
No events

Classes redefined (0 events):
No events

Internal exceptions (0 events):
No events

Events (10 events):
Event: 0.045 loading class java/lang/Short
Event: 0.046 loading class java/lang/Short done
Event: 0.046 loading class java/lang/Integer
Event: 0.046 loading class java/lang/Integer done
Event: 0.046 loading class java/lang/Long
Event: 0.046 loading class java/lang/Long done
Event: 0.047 loading class java/lang/NullPointerException
Event: 0.047 loading class java/lang/NullPointerException done
Event: 0.047 loading class java/lang/ArithmeticException
Event: 0.047 loading class java/lang/ArithmeticException done


Dynamic libraries:
0x00007ff684b20000 - 0x00007ff684b57000 	C:\Program Files\Java\jdk1.8.0_161\bin\java.exe
0x00007ffa4fd70000 - 0x00007ffa4ff50000 	C:\windows\SYSTEM32\ntdll.dll
0x00007ffa4d600000 - 0x00007ffa4d6ae000 	C:\windows\System32\KERNEL32.DLL
0x00007ffa4c2e0000 - 0x00007ffa4c546000 	C:\windows\System32\KERNELBASE.dll
0x00007ffa4ee20000 - 0x00007ffa4eec1000 	C:\windows\System32\ADVAPI32.dll
0x00007ffa4d390000 - 0x00007ffa4d42d000 	C:\windows\System32\msvcrt.dll
0x00007ffa4d430000 - 0x00007ffa4d48b000 	C:\windows\System32\sechost.dll
0x00007ffa4d8c0000 - 0x00007ffa4d9df000 	C:\windows\System32\RPCRT4.dll
0x00007ffa4f910000 - 0x00007ffa4fa9f000 	C:\windows\System32\USER32.dll
0x00007ffa4d050000 - 0x00007ffa4d070000 	C:\windows\System32\win32u.dll
0x00007ffa4d490000 - 0x00007ffa4d4b8000 	C:\windows\System32\GDI32.dll
0x00007ffa4c550000 - 0x00007ffa4c6e3000 	C:\windows\System32\gdi32full.dll
0x00007ffa4c240000 - 0x00007ffa4c2db000 	C:\windows\System32\msvcp_win.dll
0x00007ffa4c6f0000 - 0x00007ffa4c7e4000 	C:\windows\System32\ucrtbase.dll
0x00007ffa39790000 - 0x00007ffa399f9000 	C:\windows\WinSxS\amd64_microsoft.windows.common-controls_6595b64144ccf1df_6.0.16299.1448_none_0f8c5c365a693f40\COMCTL32.dll
0x00007ffa4f600000 - 0x00007ffa4f906000 	C:\windows\System32\combase.dll
0x00007ffa4c170000 - 0x00007ffa4c1e8000 	C:\windows\System32\bcryptPrimitives.dll
0x00007ffa4eed0000 - 0x00007ffa4eefd000 	C:\windows\System32\IMM32.DLL
0x00007ffa4b0a0000 - 0x00007ffa4b213000 	C:\Program Files\Avecto\Privilege Guard Client\PGHook.dll
0x00007ffa4bb10000 - 0x00007ffa4bb27000 	C:\windows\SYSTEM32\CRYPTSP.dll
0x00007ffa4b510000 - 0x00007ffa4b543000 	C:\windows\system32\rsaenh.dll
0x00007ffa4bc20000 - 0x00007ffa4bc45000 	C:\windows\SYSTEM32\bcrypt.dll
0x00007ffa4bb30000 - 0x00007ffa4bb3b000 	C:\windows\SYSTEM32\CRYPTBASE.dll
0x00007ffa4d9e0000 - 0x00007ffa4ee1d000 	C:\windows\System32\shell32.dll
0x00007ffa4c1f0000 - 0x00007ffa4c23a000 	C:\windows\System32\cfgmgr32.dll
0x00007ffa4f4d0000 - 0x00007ffa4f576000 	C:\windows\System32\shcore.dll
0x00007ffa4c850000 - 0x00007ffa4cf9a000 	C:\windows\System32\windows.storage.dll
0x00007ffa4fb70000 - 0x00007ffa4fbc1000 	C:\windows\System32\shlwapi.dll
0x00007ffa4c0c0000 - 0x00007ffa4c0d1000 	C:\windows\System32\kernel.appcore.dll
0x00007ffa4c100000 - 0x00007ffa4c14c000 	C:\windows\System32\powrprof.dll
0x00007ffa4c0e0000 - 0x00007ffa4c0fb000 	C:\windows\System32\profapi.dll
0x00007ffa2a520000 - 0x00007ffa2a5d1000 	C:\Program Files\McAfee\Endpoint Security\Threat Prevention\Ips\EpMPApi.dll
0x00007ffa4c7f0000 - 0x00007ffa4c849000 	C:\windows\System32\WINTRUST.dll
0x00007ffa4c150000 - 0x00007ffa4c162000 	C:\windows\System32\MSASN1.dll
0x00007ffa4d070000 - 0x00007ffa4d23e000 	C:\windows\System32\CRYPT32.dll
0x000000006cac0000 - 0x000000006cacc000 	C:\Program Files\McAfee\Endpoint Security\Threat Prevention\Ips\EpMPThe.dll
0x00007ffa23640000 - 0x00007ffa23676000 	C:\Program Files\McAfee\Endpoint Security\Threat Prevention\Ips\HIPHandlers64.dll
0x000000006c4c0000 - 0x000000006c592000 	C:\Program Files\Java\jdk1.8.0_161\jre\bin\msvcr100.dll
0x000000006a980000 - 0x000000006b21f000 	C:\Program Files\Java\jdk1.8.0_161\jre\bin\server\jvm.dll
0x00007ffa4d6b0000 - 0x00007ffa4d6b8000 	C:\windows\System32\PSAPI.DLL
0x00007ffa3cf10000 - 0x00007ffa3cf33000 	C:\windows\SYSTEM32\WINMM.dll
0x00007ffa3cca0000 - 0x00007ffa3cca9000 	C:\windows\SYSTEM32\WSOCK32.dll
0x00007ffa3f4a0000 - 0x00007ffa3f4aa000 	C:\windows\SYSTEM32\VERSION.dll
0x00007ffa4d4c0000 - 0x00007ffa4d52c000 	C:\windows\System32\WS2_32.dll
0x00007ffa3c400000 - 0x00007ffa3c42a000 	C:\windows\SYSTEM32\winmmbase.dll
0x000000006cb30000 - 0x000000006cb3f000 	C:\Program Files\Java\jdk1.8.0_161\jre\bin\verify.dll
0x000000006ca90000 - 0x000000006cab9000 	C:\Program Files\Java\jdk1.8.0_161\jre\bin\java.dll
0x000000006cb10000 - 0x000000006cb26000 	C:\Program Files\Java\jdk1.8.0_161\jre\bin\zip.dll

VM Arguments:
jvm_args: -Dclassworlds.conf=C:\MuleSoft\apache-maven-3.5.3\bin\..\bin\m2.conf -Dmaven.home=C:\MuleSoft\apache-maven-3.5.3\bin\.. -Dlibrary.jansi.path=C:\MuleSoft\apache-maven-3.5.3\bin\..\lib\jansi-native -Dmaven.multiModuleProjectDirectory=C:\Users\michael.archer\AnypointStudio\workspace_dv_training\maven-project 
java_command: org.codehaus.plexus.classworlds.launcher.Launcher -B org.mule.tools:studio-maven-plugin:studio -DdownloadSources=true
java_class_path (initial): C:\MuleSoft\apache-maven-3.5.3\bin\..\boot\plexus-classworlds-2.5.2.jar
Launcher Type: SUN_STANDARD

Environment Variables:
JAVA_HOME=C:\Program Files\Java\jdk1.8.0_161
PATH=C:/Program Files/Java/jre1.8.0_231/bin/server;C:/Program Files/Java/jre1.8.0_231/bin;C:/Program Files/Java/jre1.8.0_231/lib/amd64;C:\Program Files (x86)\Common Files\Oracle\Java\javapath;C:\ProgramData\Oracle\Java\javapath;C:\windows\system32;C:\windows;C:\windows\System32\Wbem;C:\windows\System32\WindowsPowerShell\v1.0\;C:\Program Files (x86)\IBM\Client Access\Emulator;C:\Program Files (x86)\IBM\Client Access\Shared;C:\Program Files (x86)\IBM\Client Access\;C:\Program Files (x86)\Webex\Webex\Applications;C:\Program Files (x86)\Plantronics\Spokes3G\;C:\Program Files (x86)\Java\jdk1.8.0_45\jre\bin\client;C:\Program Files\Git\cmd;C:\Program Files\TortoiseGit\bin;C:\Program Files\dotnet\;C:\Program Files\Microsoft SQL Server\130\Tools\Binn\;C:\Program Files\Microsoft SQL Server\Client SDK\ODBC\170\Tools\Binn\;"C:\Program Files\Java\jdk1.8.0_161\bin;";"C:\MuleSoft\apache-maven-3.5.3\bin;";C:\Users\michael.archer\AppData\Local\Microsoft\WindowsApps;C:\Program Files\Microsoft VS Code\bin;C:\Users\michael.archer\AppData\Local\GitHubDesktop\bin;C:\Program Files\Java\jdk1.8.0_161\bin;C:\MuleSoft\apache-maven-3.5.3\bin;;C:\MuleSoft\AnypointStudio;
USERNAME=Michael.Archer
OS=Windows_NT
PROCESSOR_IDENTIFIER=Intel64 Family 6 Model 142 Stepping 10, GenuineIntel



---------------  S Y S T E M  ---------------

OS: Windows 10.0 , 64 bit Build 16299 (10.0.16299.1146)

CPU:total 8 (initial active 8) (4 cores per cpu, 2 threads per core) family 6 model 142 stepping 10, cmov, cx8, fxsr, mmx, sse, sse2, sse3, ssse3, sse4.1, sse4.2, popcnt, avx, avx2, aes, clmul, erms, rtm, 3dnowpref, lzcnt, ht, tsc, tscinvbit, bmi1, bmi2, adx

Memory: 4k page, physical 16607680k(3712488k free), swap 16607680k(5848k free)

vm_info: Java HotSpot(TM) 64-Bit Server VM (25.161-b12) for windows-amd64 JRE (1.8.0_161-b12), built on Dec 19 2017 17:52:25 by "java_re" with MS VC++ 10.0 (VS2010)

time: Tue Oct 29 16:40:29 2019
elapsed time: 0 seconds (0d 0h 0m 0s)

